mktextfm larm1200
mktextfm larm1200
mktextfm larm2074
mktextfm larm1440
mktextfm larm1095
mktextfm larm1095
mktextfm larm1728
mktextfm larm1200
mktextfm larm1728
mktextfm larm1728
mktextfm larm1440
mktextfm larm1440
mktextfm larm1200
mktextfm larm1200
mktextfm larm2074
mktextfm larm1440
mktextfm larm1095
mktextfm larm1095
mktextfm larm1728
mktextfm larm1200
mktextfm larm1728
mktextfm larm1728
mktextfm larm1440
mktextfm larm1440
mktextfm Consolas
mktextfm Consolas
mktextfm Consolas
mktextfm Consolas/BI
mktextfm Consolas
mktextfm Consolas/B
mktextfm Consolas
mktextfm Consolas/I
mktextfm Consolas
mktextfm Consolas
mktextfm Consolas
mktextfm Consolas
mktextfm Consolas
mktextfm Consolas
mktextfm Consolas
mktextfm Consolas
mktextfm Consolas
mktextfm Consolas/BI
mktextfm Consolas
mktextfm Consolas/B
mktextfm Consolas
mktextfm Consolas/I
mktextfm Consolas
mktextfm Consolas
mktextfm Consolas
mktextfm Consolas
mktextfm Consolas
mktextfm Consolas
